<?xml version="1.0" encoding="UTF-8"?>
<testsuites name="TS_1_CreateAccount" time="7" tests="1" failures="0" errors="0">
   <testsuite name="TS_1_CreateAccount" tests="1" failures="0" errors="0" time="7" timestamp="2019-04-29 13:31:06" hostname="CANSU - 172.30.9.72" id="Test Suites/TS_1_CreateAccount">
      <properties>
         <property name="deviceName" value=""/>
         <property name="devicePlatform" value=""/>
         <property name="logFolder" value="C:\\Users\\CANSU\\Katalon Studio\\Turkuaz_Test_Project\\Reports\\TS_1_CreateAccount\\20190429_133105"/>
         <property name="logFiles" value="C:\\Users\\CANSU\\Katalon Studio\\Turkuaz_Test_Project\\Reports\\TS_1_CreateAccount\\20190429_133105\\execution0.log"/>
         <property name="attachments" value=""/>
         <property name="hostName" value="CANSU - 172.30.9.72"/>
         <property name="hostAddress" value="172.30.9.72"/>
         <property name="os" value="Windows 7 64bit"/>
         <property name="katalonVersion" value="6.1.1.1"/>
      </properties>
      <testcase name="Test Cases/TC_1_CreateAccount" classname="Test Cases/TC_1_CreateAccount" status="PASSED">
         <system-out><![CDATA[2019-04-29 13:31:06 - [TEST_CASE][PASSED] - Test Cases/TC_1_CreateAccount: Test Cases/TC_1_CreateAccount

2019-04-29 13:31:07 - [TEST_STEP][PASSED] - Start listener action : sampleBeforeTestCase: null

2019-04-29 13:31:07 - [TEST_STEP][PASSED] - println(testCaseContext.getTestCaseId()): null

2019-04-29 13:31:07 - [TEST_STEP][PASSED] - println(testCaseContext.getTestCaseVariables()): null

2019-04-29 13:31:07 - [TEST_STEP][PASSED] - randomCustID = <not implemented yet for class: org.codehaus.groovy.ast.expr.EmptyExpression>: null

2019-04-29 13:31:07 - [TEST_STEP][PASSED] - randomBillAcctID = <not implemented yet for class: org.codehaus.groovy.ast.expr.EmptyExpression>: null

2019-04-29 13:31:07 - [TEST_STEP][PASSED] - writeRandomID = <not implemented yet for class: org.codehaus.groovy.ast.expr.EmptyExpression>: null

2019-04-29 13:31:07 - [TEST_STEP][PASSED] - readRandomID = <not implemented yet for class: org.codehaus.groovy.ast.expr.EmptyExpression>: null

2019-04-29 13:31:07 - [TEST_STEP][PASSED] - randomCustID = com.turkuaz.test.pkg.getTransactions.getRandomID(custID): com.turkuaz.test.pkg.getTransactions.getRandomID is PASSED

2019-04-29 13:31:07 - [MESSAGE][PASSED] - com.turkuaz.test.pkg.getTransactions.getRandomID is PASSED

2019-04-29 13:31:07 - [TEST_STEP][PASSED] - println("..................sampleBeforeTestCase Listenerdayız.. custID oluşturuldu.. custID= " + randomCustID): null

2019-04-29 13:31:07 - [TEST_STEP][PASSED] - com.turkuaz.test.pkg.getTransactions.writeExcelCustID(randomCustID): com.turkuaz.test.pkg.getTransactions.writeExcelCustID is PASSED

2019-04-29 13:31:07 - [MESSAGE][PASSED] - com.turkuaz.test.pkg.getTransactions.writeExcelCustID is PASSED

2019-04-29 13:31:07 - [TEST_STEP][PASSED] - randomBillAcctID = com.turkuaz.test.pkg.getTransactions.getRandomID(billAcctID): com.turkuaz.test.pkg.getTransactions.getRandomID is PASSED

2019-04-29 13:31:07 - [MESSAGE][PASSED] - com.turkuaz.test.pkg.getTransactions.getRandomID is PASSED

2019-04-29 13:31:07 - [TEST_STEP][PASSED] - com.turkuaz.test.pkg.getTransactions.writeExcelCustID(randomBillAcctID): com.turkuaz.test.pkg.getTransactions.writeExcelCustID is PASSED

2019-04-29 13:31:08 - [MESSAGE][PASSED] - com.turkuaz.test.pkg.getTransactions.writeExcelCustID is PASSED

2019-04-29 13:31:08 - [TEST_STEP][PASSED] - println("..................sampleBeforeTestCase Listenerdayız.. billacctID oluşturuldu.. billacctID= " + randomBillAcctID): null

2019-04-29 13:31:08 - [TEST_STEP][PASSED] - println(" ...TC_1 Scriptteyiz... eski custID = " + custID): null

2019-04-29 13:31:08 - [TEST_STEP][PASSED] - response1 = sendRequest(findTestObject("Customer/CreateCustomer", ["custID":custID])): Send request successfully

2019-04-29 13:31:12 - [MESSAGE][INFO] - HAR: C:\Users\CANSU\Katalon Studio\Turkuaz_Test_Project\Reports\TS_1_CreateAccount\20190429_133105\requests\main\0.har

2019-04-29 13:31:12 - [MESSAGE][PASSED] - Send request successfully

2019-04-29 13:31:12 - [TEST_STEP][PASSED] - println(" ...TC_1 Scriptteyiz... GlobalVariable.custID = " + custID): null

2019-04-29 13:31:12 - [TEST_STEP][PASSED] - xml1 = responseBodyContent: null

2019-04-29 13:31:12 - [TEST_STEP][PASSED] - dataValue = XmlSlurper().parseText(xml1): null

2019-04-29 13:31:12 - [TEST_STEP][PASSED] - custID1 = childNodes().next(): null

2019-04-29 13:31:12 - [TEST_STEP][PASSED] - custID = custID1: null

2019-04-29 13:31:12 - [TEST_STEP][PASSED] - delay(2): Delayed 2 second(s)

2019-04-29 13:31:14 - [MESSAGE][PASSED] - Delayed 2 second(s)

2019-04-29 13:31:14 - [TEST_STEP][PASSED] - Start listener action : sampleAfterTestCase: null

2019-04-29 13:31:14 - [TEST_STEP][PASSED] - println(testCaseContext.getTestCaseId()): null

2019-04-29 13:31:14 - [TEST_STEP][PASSED] - println(testCaseContext.getTestCaseStatus()): null

2019-04-29 13:31:14 - [TEST_STEP][PASSED] - println("... CreateCustomer>Verificationdayız..  custID= " + custID): null]]></system-out>
         <system-err><![CDATA[]]></system-err>
      </testcase>
      <system-out><![CDATA[2019-04-29 13:31:06 - [TEST_SUITE][PASSED] - TS_1_CreateAccount: Test Cases/TC_1_CreateAccount]]></system-out>
      <system-err><![CDATA[]]></system-err>
   </testsuite>
</testsuites>
