<?xml version="1.0" encoding="UTF-8"?>
<testsuites name="TS_1_CreateAccount" time="3" tests="1" failures="0" errors="0">
   <testsuite name="TS_1_CreateAccount" tests="1" failures="0" errors="0" time="3" timestamp="2019-04-26 15:23:20" hostname="CANSU - 172.30.9.166" id="Test Suites/TS_1_CreateAccount">
      <properties>
         <property name="deviceName" value=""/>
         <property name="devicePlatform" value=""/>
         <property name="logFolder" value="C:\\Users\\CANSU\\Katalon Studio\\Turkuaz_Test_Project\\Reports\\TS_1_CreateAccount\\20190426_152318"/>
         <property name="logFiles" value="C:\\Users\\CANSU\\Katalon Studio\\Turkuaz_Test_Project\\Reports\\TS_1_CreateAccount\\20190426_152318\\execution0.log"/>
         <property name="attachments" value=""/>
         <property name="hostName" value="CANSU - 172.30.9.166"/>
         <property name="hostAddress" value="172.30.9.166"/>
         <property name="os" value="Windows 7 64bit"/>
         <property name="katalonVersion" value="6.1.1.1"/>
      </properties>
      <testcase name="Test Cases/TC_1_CreateAccount" classname="Test Cases/TC_1_CreateAccount" status="PASSED">
         <system-out><![CDATA[2019-04-26 15:23:20 - [TEST_CASE][PASSED] - Test Cases/TC_1_CreateAccount: Test Cases/TC_1_CreateAccount

2019-04-26 15:23:21 - [TEST_STEP][PASSED] - Start listener action : sampleBeforeTestCase: com.turkuaz.test.pkg.getTransactions.writeExcel is PASSED

2019-04-26 15:23:21 - [TEST_STEP][PASSED] - println(testCaseContext.getTestCaseId()): null

2019-04-26 15:23:21 - [TEST_STEP][PASSED] - println(testCaseContext.getTestCaseVariables()): null

2019-04-26 15:23:21 - [TEST_STEP][PASSED] - randomCustID = <not implemented yet for class: org.codehaus.groovy.ast.expr.EmptyExpression>: null

2019-04-26 15:23:21 - [TEST_STEP][PASSED] - writeRandomID = <not implemented yet for class: org.codehaus.groovy.ast.expr.EmptyExpression>: null

2019-04-26 15:23:21 - [TEST_STEP][PASSED] - readRandomID = <not implemented yet for class: org.codehaus.groovy.ast.expr.EmptyExpression>: null

2019-04-26 15:23:21 - [TEST_STEP][PASSED] - randomCustID = com.turkuaz.test.pkg.getTransactions.getRandomCustID(custID): com.turkuaz.test.pkg.getTransactions.getRandomCustID is PASSED

2019-04-26 15:23:21 - [MESSAGE][PASSED] - com.turkuaz.test.pkg.getTransactions.getRandomCustID is PASSED

2019-04-26 15:23:21 - [TEST_STEP][PASSED] - println("... Listenerdayız.. custID oluşturuldu.. custID= " + randomCustID): null

2019-04-26 15:23:21 - [TEST_STEP][PASSED] - com.turkuaz.test.pkg.getTransactions.writeExcel(randomCustID): com.turkuaz.test.pkg.getTransactions.writeExcel is PASSED

2019-04-26 15:23:21 - [MESSAGE][PASSED] - com.turkuaz.test.pkg.getTransactions.writeExcel is PASSED

2019-04-26 15:23:21 - [TEST_STEP][PASSED] - println(" ...TC_1 Scriptteyiz... custID = " + custID): null

2019-04-26 15:23:21 - [TEST_STEP][PASSED] - sendRequest(findTestObject("Customer/CreateCustomer", ["custID":custID])): Send request successfully

2019-04-26 15:23:23 - [MESSAGE][INFO] - HAR: C:\Users\CANSU\Katalon Studio\Turkuaz_Test_Project\Reports\TS_1_CreateAccount\20190426_152318\requests\main\0.har

2019-04-26 15:23:23 - [MESSAGE][PASSED] - Send request successfully

2019-04-26 15:23:23 - [TEST_STEP][PASSED] - Start listener action : sampleAfterTestCase: null

2019-04-26 15:23:23 - [TEST_STEP][PASSED] - println(testCaseContext.getTestCaseId()): null

2019-04-26 15:23:23 - [TEST_STEP][PASSED] - println(testCaseContext.getTestCaseStatus()): null

2019-04-26 15:23:23 - [TEST_STEP][PASSED] - println("....custID oluştu....."): null]]></system-out>
         <system-err><![CDATA[]]></system-err>
      </testcase>
      <system-out><![CDATA[2019-04-26 15:23:20 - [TEST_SUITE][PASSED] - TS_1_CreateAccount: Test Cases/TC_1_CreateAccount]]></system-out>
      <system-err><![CDATA[]]></system-err>
   </testsuite>
</testsuites>
